<?xml version="1.0" encoding="UTF-8"?>
<coverage generated="1649749187480" clover="3.2.0">
  <project timestamp="1649749187480" name="All files">
    <metrics statements="15" coveredstatements="15" conditionals="2" coveredconditionals="2" methods="11" coveredmethods="11" elements="28" coveredelements="28" complexity="0" loc="15" ncloc="15" packages="1" files="5" classes="5"/>
    <file name="App.jsx" path="/Users/chanho/Desktop/chris/codesoom/react-week4-assignment-1/src/App.jsx">
      <metrics statements="7" coveredstatements="7" conditionals="0" coveredconditionals="0" methods="5" coveredmethods="5"/>
      <line num="6" count="8" type="stmt"/>
      <line num="12" count="8" type="stmt"/>
      <line num="15" count="2" type="stmt"/>
      <line num="22" count="2" type="stmt"/>
      <line num="31" count="1" type="stmt"/>
      <line num="33" count="1" type="stmt"/>
      <line num="37" count="8" type="stmt"/>
    </file>
    <file name="Input.jsx" path="/Users/chanho/Desktop/chris/codesoom/react-week4-assignment-1/src/Input.jsx">
      <metrics statements="1" coveredstatements="1" conditionals="0" coveredconditionals="0" methods="1" coveredmethods="1"/>
      <line num="2" count="17" type="stmt"/>
    </file>
    <file name="Item.jsx" path="/Users/chanho/Desktop/chris/codesoom/react-week4-assignment-1/src/Item.jsx">
      <metrics statements="2" coveredstatements="2" conditionals="0" coveredconditionals="0" methods="2" coveredmethods="2"/>
      <line num="2" count="25" type="stmt"/>
      <line num="5" count="8" type="stmt"/>
    </file>
    <file name="List.jsx" path="/Users/chanho/Desktop/chris/codesoom/react-week4-assignment-1/src/List.jsx">
      <metrics statements="4" coveredstatements="4" conditionals="2" coveredconditionals="2" methods="2" coveredmethods="2"/>
      <line num="4" count="17" type="cond" truecount="2" falsecount="0"/>
      <line num="5" count="8" type="stmt"/>
      <line num="10" count="9" type="stmt"/>
      <line num="13" count="23" type="stmt"/>
    </file>
    <file name="Page.jsx" path="/Users/chanho/Desktop/chris/codesoom/react-week4-assignment-1/src/Page.jsx">
      <metrics statements="1" coveredstatements="1" conditionals="0" coveredconditionals="0" methods="1" coveredmethods="1"/>
      <line num="8" count="13" type="stmt"/>
    </file>
  </project>
</coverage>
