{"/Users/chanho/Desktop/chris/codesoom/react-week4-assignment-1/src/components/App.jsx": {"path":"/Users/chanho/Desktop/chris/codesoom/react-week4-assignment-1/src/components/App.jsx","statementMap":{"0":{"start":{"line":5,"column":2},"end":{"line":11,"column":4}}},"fnMap":{"0":{"name":"App","decl":{"start":{"line":4,"column":24},"end":{"line":4,"column":27}},"loc":{"start":{"line":4,"column":30},"end":{"line":12,"column":1}},"line":4}},"branchMap":{},"s":{"0":3},"f":{"0":3},"b":{},"_coverageSchema":"1a1c01bbd47fc00a2c39e90264f33305004495a9","hash":"465cf22a87ba5b8afce67b744da632eaec322558"}
,"/Users/chanho/Desktop/chris/codesoom/react-week4-assignment-1/src/components/Input.jsx": {"path":"/Users/chanho/Desktop/chris/codesoom/react-week4-assignment-1/src/components/Input.jsx","statementMap":{"0":{"start":{"line":2,"column":2},"end":{"line":18,"column":4}}},"fnMap":{"0":{"name":"Input","decl":{"start":{"line":1,"column":24},"end":{"line":1,"column":29}},"loc":{"start":{"line":1,"column":60},"end":{"line":19,"column":1}},"line":1}},"branchMap":{},"s":{"0":9},"f":{"0":9},"b":{},"_coverageSchema":"1a1c01bbd47fc00a2c39e90264f33305004495a9","hash":"d5bc48a38d353b6ce8636278ab973de6f8ae92a1"}
,"/Users/chanho/Desktop/chris/codesoom/react-week4-assignment-1/src/components/Item.jsx": {"path":"/Users/chanho/Desktop/chris/codesoom/react-week4-assignment-1/src/components/Item.jsx","statementMap":{"0":{"start":{"line":2,"column":2},"end":{"line":9,"column":4}},"1":{"start":{"line":5,"column":43},"end":{"line":5,"column":60}}},"fnMap":{"0":{"name":"Item","decl":{"start":{"line":1,"column":24},"end":{"line":1,"column":28}},"loc":{"start":{"line":1,"column":69},"end":{"line":10,"column":1}},"line":1},"1":{"name":"(anonymous_1)","decl":{"start":{"line":5,"column":37},"end":{"line":5,"column":38}},"loc":{"start":{"line":5,"column":43},"end":{"line":5,"column":60}},"line":5}},"branchMap":{},"s":{"0":13,"1":5},"f":{"0":13,"1":5},"b":{},"_coverageSchema":"1a1c01bbd47fc00a2c39e90264f33305004495a9","hash":"53cab035fec31f25b4bc01b4106d593a05e6fbfc"}
,"/Users/chanho/Desktop/chris/codesoom/react-week4-assignment-1/src/components/List.jsx": {"path":"/Users/chanho/Desktop/chris/codesoom/react-week4-assignment-1/src/components/List.jsx","statementMap":{"0":{"start":{"line":4,"column":2},"end":{"line":8,"column":3}},"1":{"start":{"line":5,"column":4},"end":{"line":7,"column":6}},"2":{"start":{"line":10,"column":2},"end":{"line":16,"column":4}},"3":{"start":{"line":13,"column":8},"end":{"line":13,"column":72}}},"fnMap":{"0":{"name":"List","decl":{"start":{"line":3,"column":24},"end":{"line":3,"column":28}},"loc":{"start":{"line":3,"column":55},"end":{"line":17,"column":1}},"line":3},"1":{"name":"(anonymous_1)","decl":{"start":{"line":12,"column":17},"end":{"line":12,"column":18}},"loc":{"start":{"line":13,"column":8},"end":{"line":13,"column":72}},"line":13}},"branchMap":{"0":{"loc":{"start":{"line":4,"column":2},"end":{"line":8,"column":3}},"type":"if","locations":[{"start":{"line":4,"column":2},"end":{"line":8,"column":3}},{"start":{"line":4,"column":2},"end":{"line":8,"column":3}}],"line":4}},"s":{"0":10,"1":5,"2":5,"3":11},"f":{"0":10,"1":11},"b":{"0":[5,5]},"_coverageSchema":"1a1c01bbd47fc00a2c39e90264f33305004495a9","hash":"a802290695d2ed0a65ba4f757172084b38d2f6b7"}
,"/Users/chanho/Desktop/chris/codesoom/react-week4-assignment-1/src/containers/InputContainer.jsx": {"path":"/Users/chanho/Desktop/chris/codesoom/react-week4-assignment-1/src/containers/InputContainer.jsx","statementMap":{"0":{"start":{"line":6,"column":19},"end":{"line":6,"column":32}},"1":{"start":{"line":8,"column":24},"end":{"line":10,"column":5}},"2":{"start":{"line":8,"column":48},"end":{"line":10,"column":3}},"3":{"start":{"line":13,"column":4},"end":{"line":13,"column":50}},"4":{"start":{"line":17,"column":4},"end":{"line":17,"column":24}},"5":{"start":{"line":20,"column":2},"end":{"line":26,"column":4}}},"fnMap":{"0":{"name":"InputContainer","decl":{"start":{"line":5,"column":24},"end":{"line":5,"column":38}},"loc":{"start":{"line":5,"column":41},"end":{"line":27,"column":1}},"line":5},"1":{"name":"(anonymous_1)","decl":{"start":{"line":8,"column":36},"end":{"line":8,"column":37}},"loc":{"start":{"line":8,"column":48},"end":{"line":10,"column":3}},"line":8},"2":{"name":"handleChangeTitle","decl":{"start":{"line":12,"column":11},"end":{"line":12,"column":28}},"loc":{"start":{"line":12,"column":36},"end":{"line":14,"column":3}},"line":12},"3":{"name":"handleClickAddTask","decl":{"start":{"line":16,"column":11},"end":{"line":16,"column":29}},"loc":{"start":{"line":16,"column":32},"end":{"line":18,"column":3}},"line":16}},"branchMap":{},"s":{"0":5,"1":5,"2":5,"3":1,"4":2,"5":5},"f":{"0":5,"1":5,"2":1,"3":2},"b":{},"_coverageSchema":"1a1c01bbd47fc00a2c39e90264f33305004495a9","hash":"624f8e91aa285465841c3f2922c87089663094ec"}
,"/Users/chanho/Desktop/chris/codesoom/react-week4-assignment-1/src/containers/ListContainer.jsx": {"path":"/Users/chanho/Desktop/chris/codesoom/react-week4-assignment-1/src/containers/ListContainer.jsx","statementMap":{"0":{"start":{"line":6,"column":19},"end":{"line":6,"column":32}},"1":{"start":{"line":8,"column":20},"end":{"line":10,"column":5}},"2":{"start":{"line":8,"column":44},"end":{"line":10,"column":3}},"3":{"start":{"line":13,"column":4},"end":{"line":13,"column":33}},"4":{"start":{"line":16,"column":2},"end":{"line":21,"column":4}}},"fnMap":{"0":{"name":"ListContainer","decl":{"start":{"line":5,"column":24},"end":{"line":5,"column":37}},"loc":{"start":{"line":5,"column":40},"end":{"line":22,"column":1}},"line":5},"1":{"name":"(anonymous_1)","decl":{"start":{"line":8,"column":32},"end":{"line":8,"column":33}},"loc":{"start":{"line":8,"column":44},"end":{"line":10,"column":3}},"line":8},"2":{"name":"handleClickDeleteTask","decl":{"start":{"line":12,"column":11},"end":{"line":12,"column":32}},"loc":{"start":{"line":12,"column":37},"end":{"line":14,"column":3}},"line":12}},"branchMap":{},"s":{"0":6,"1":6,"2":6,"3":1,"4":6},"f":{"0":6,"1":6,"2":1},"b":{},"_coverageSchema":"1a1c01bbd47fc00a2c39e90264f33305004495a9","hash":"f3435bd75021643898f0d9bc5da5390cc6d169d5"}
,"/Users/chanho/Desktop/chris/codesoom/react-week4-assignment-1/src/redux/actions.js": {"path":"/Users/chanho/Desktop/chris/codesoom/react-week4-assignment-1/src/redux/actions.js","statementMap":{"0":{"start":{"line":2,"column":2},"end":{"line":7,"column":4}},"1":{"start":{"line":11,"column":2},"end":{"line":13,"column":4}},"2":{"start":{"line":17,"column":2},"end":{"line":22,"column":4}}},"fnMap":{"0":{"name":"updateTaskTitle","decl":{"start":{"line":1,"column":16},"end":{"line":1,"column":31}},"loc":{"start":{"line":1,"column":43},"end":{"line":8,"column":1}},"line":1},"1":{"name":"addTask","decl":{"start":{"line":10,"column":16},"end":{"line":10,"column":23}},"loc":{"start":{"line":10,"column":26},"end":{"line":14,"column":1}},"line":10},"2":{"name":"deleteTask","decl":{"start":{"line":16,"column":16},"end":{"line":16,"column":26}},"loc":{"start":{"line":16,"column":35},"end":{"line":23,"column":1}},"line":16}},"branchMap":{},"s":{"0":3,"1":7,"2":4},"f":{"0":3,"1":7,"2":4},"b":{},"_coverageSchema":"1a1c01bbd47fc00a2c39e90264f33305004495a9","hash":"0a45472445f3d8e91bb5326c6a5f3fe7924eb9d9"}
,"/Users/chanho/Desktop/chris/codesoom/react-week4-assignment-1/src/redux/reducer.js": {"path":"/Users/chanho/Desktop/chris/codesoom/react-week4-assignment-1/src/redux/reducer.js","statementMap":{"0":{"start":{"line":1,"column":21},"end":{"line":5,"column":1}},"1":{"start":{"line":8,"column":2},"end":{"line":13,"column":3}},"2":{"start":{"line":9,"column":4},"end":{"line":12,"column":6}},"3":{"start":{"line":15,"column":2},"end":{"line":26,"column":3}},"4":{"start":{"line":16,"column":29},"end":{"line":16,"column":34}},"5":{"start":{"line":18,"column":4},"end":{"line":18,"column":39}},"6":{"start":{"line":18,"column":26},"end":{"line":18,"column":39}},"7":{"start":{"line":20,"column":4},"end":{"line":25,"column":6}},"8":{"start":{"line":28,"column":2},"end":{"line":34,"column":3}},"9":{"start":{"line":29,"column":22},"end":{"line":29,"column":27}},"10":{"start":{"line":30,"column":4},"end":{"line":33,"column":6}},"11":{"start":{"line":32,"column":36},"end":{"line":32,"column":65}},"12":{"start":{"line":36,"column":2},"end":{"line":36,"column":15}}},"fnMap":{"0":{"name":"reducer","decl":{"start":{"line":7,"column":24},"end":{"line":7,"column":31}},"loc":{"start":{"line":7,"column":62},"end":{"line":37,"column":1}},"line":7},"1":{"name":"(anonymous_1)","decl":{"start":{"line":32,"column":26},"end":{"line":32,"column":27}},"loc":{"start":{"line":32,"column":36},"end":{"line":32,"column":65}},"line":32}},"branchMap":{"0":{"loc":{"start":{"line":7,"column":32},"end":{"line":7,"column":52}},"type":"default-arg","locations":[{"start":{"line":7,"column":40},"end":{"line":7,"column":52}}],"line":7},"1":{"loc":{"start":{"line":8,"column":2},"end":{"line":13,"column":3}},"type":"if","locations":[{"start":{"line":8,"column":2},"end":{"line":13,"column":3}},{"start":{"line":8,"column":2},"end":{"line":13,"column":3}}],"line":8},"2":{"loc":{"start":{"line":15,"column":2},"end":{"line":26,"column":3}},"type":"if","locations":[{"start":{"line":15,"column":2},"end":{"line":26,"column":3}},{"start":{"line":15,"column":2},"end":{"line":26,"column":3}}],"line":15},"3":{"loc":{"start":{"line":18,"column":4},"end":{"line":18,"column":39}},"type":"if","locations":[{"start":{"line":18,"column":4},"end":{"line":18,"column":39}},{"start":{"line":18,"column":4},"end":{"line":18,"column":39}}],"line":18},"4":{"loc":{"start":{"line":28,"column":2},"end":{"line":34,"column":3}},"type":"if","locations":[{"start":{"line":28,"column":2},"end":{"line":34,"column":3}},{"start":{"line":28,"column":2},"end":{"line":34,"column":3}}],"line":28}},"s":{"0":1,"1":7,"2":1,"3":6,"4":3,"5":3,"6":1,"7":2,"8":3,"9":2,"10":2,"11":2,"12":1},"f":{"0":7,"1":2},"b":{"0":[1],"1":[1,6],"2":[3,3],"3":[1,2],"4":[2,1]},"_coverageSchema":"1a1c01bbd47fc00a2c39e90264f33305004495a9","hash":"9927f102d1198682d1416ccbd40e12a6b6a549ea"}
}
