{"/Users/chanho/Desktop/chris/codesoom/react-week4-assignment-1/src/App.jsx": {"path":"/Users/chanho/Desktop/chris/codesoom/react-week4-assignment-1/src/App.jsx","statementMap":{"0":{"start":{"line":6,"column":28},"end":{"line":10,"column":4}},"1":{"start":{"line":12,"column":38},"end":{"line":12,"column":43}},"2":{"start":{"line":15,"column":4},"end":{"line":18,"column":7}},"3":{"start":{"line":22,"column":4},"end":{"line":27,"column":7}},"4":{"start":{"line":31,"column":4},"end":{"line":34,"column":7}},"5":{"start":{"line":33,"column":36},"end":{"line":33,"column":50}},"6":{"start":{"line":37,"column":2},"end":{"line":45,"column":4}}},"fnMap":{"0":{"name":"App","decl":{"start":{"line":5,"column":24},"end":{"line":5,"column":27}},"loc":{"start":{"line":5,"column":30},"end":{"line":46,"column":1}},"line":5},"1":{"name":"handleChangeTitle","decl":{"start":{"line":14,"column":11},"end":{"line":14,"column":28}},"loc":{"start":{"line":14,"column":36},"end":{"line":19,"column":3}},"line":14},"2":{"name":"handleClickAddTask","decl":{"start":{"line":21,"column":11},"end":{"line":21,"column":29}},"loc":{"start":{"line":21,"column":32},"end":{"line":28,"column":3}},"line":21},"3":{"name":"handleClickDeleteTask","decl":{"start":{"line":30,"column":11},"end":{"line":30,"column":32}},"loc":{"start":{"line":30,"column":37},"end":{"line":35,"column":3}},"line":30},"4":{"name":"(anonymous_4)","decl":{"start":{"line":33,"column":26},"end":{"line":33,"column":27}},"loc":{"start":{"line":33,"column":36},"end":{"line":33,"column":50}},"line":33}},"branchMap":{},"s":{"0":8,"1":8,"2":2,"3":2,"4":1,"5":1,"6":8},"f":{"0":8,"1":2,"2":2,"3":1,"4":1},"b":{},"_coverageSchema":"1a1c01bbd47fc00a2c39e90264f33305004495a9","hash":"956955bcd8661e2ffaa5466981c408852c430731"}
,"/Users/chanho/Desktop/chris/codesoom/react-week4-assignment-1/src/Input.jsx": {"path":"/Users/chanho/Desktop/chris/codesoom/react-week4-assignment-1/src/Input.jsx","statementMap":{"0":{"start":{"line":2,"column":2},"end":{"line":18,"column":4}}},"fnMap":{"0":{"name":"Input","decl":{"start":{"line":1,"column":24},"end":{"line":1,"column":29}},"loc":{"start":{"line":1,"column":60},"end":{"line":19,"column":1}},"line":1}},"branchMap":{},"s":{"0":17},"f":{"0":17},"b":{},"_coverageSchema":"1a1c01bbd47fc00a2c39e90264f33305004495a9","hash":"7954f37f6373b12a230de66be40ef0588b3c66c4"}
,"/Users/chanho/Desktop/chris/codesoom/react-week4-assignment-1/src/Item.jsx": {"path":"/Users/chanho/Desktop/chris/codesoom/react-week4-assignment-1/src/Item.jsx","statementMap":{"0":{"start":{"line":2,"column":2},"end":{"line":9,"column":4}},"1":{"start":{"line":5,"column":43},"end":{"line":5,"column":60}}},"fnMap":{"0":{"name":"Item","decl":{"start":{"line":1,"column":24},"end":{"line":1,"column":28}},"loc":{"start":{"line":1,"column":69},"end":{"line":10,"column":1}},"line":1},"1":{"name":"(anonymous_1)","decl":{"start":{"line":5,"column":37},"end":{"line":5,"column":38}},"loc":{"start":{"line":5,"column":43},"end":{"line":5,"column":60}},"line":5}},"branchMap":{},"s":{"0":25,"1":8},"f":{"0":25,"1":8},"b":{},"_coverageSchema":"1a1c01bbd47fc00a2c39e90264f33305004495a9","hash":"0d4fe472ba0d9f6dbc01698eeb4fc81f456f3a81"}
,"/Users/chanho/Desktop/chris/codesoom/react-week4-assignment-1/src/List.jsx": {"path":"/Users/chanho/Desktop/chris/codesoom/react-week4-assignment-1/src/List.jsx","statementMap":{"0":{"start":{"line":4,"column":2},"end":{"line":8,"column":3}},"1":{"start":{"line":5,"column":4},"end":{"line":7,"column":6}},"2":{"start":{"line":10,"column":2},"end":{"line":16,"column":4}},"3":{"start":{"line":13,"column":8},"end":{"line":13,"column":72}}},"fnMap":{"0":{"name":"List","decl":{"start":{"line":3,"column":24},"end":{"line":3,"column":28}},"loc":{"start":{"line":3,"column":55},"end":{"line":17,"column":1}},"line":3},"1":{"name":"(anonymous_1)","decl":{"start":{"line":12,"column":17},"end":{"line":12,"column":18}},"loc":{"start":{"line":13,"column":8},"end":{"line":13,"column":72}},"line":13}},"branchMap":{"0":{"loc":{"start":{"line":4,"column":2},"end":{"line":8,"column":3}},"type":"if","locations":[{"start":{"line":4,"column":2},"end":{"line":8,"column":3}},{"start":{"line":4,"column":2},"end":{"line":8,"column":3}}],"line":4}},"s":{"0":17,"1":8,"2":9,"3":23},"f":{"0":17,"1":23},"b":{"0":[8,9]},"_coverageSchema":"1a1c01bbd47fc00a2c39e90264f33305004495a9","hash":"c45166bfc312e05152f0d4bc3c90226586e84804"}
,"/Users/chanho/Desktop/chris/codesoom/react-week4-assignment-1/src/Page.jsx": {"path":"/Users/chanho/Desktop/chris/codesoom/react-week4-assignment-1/src/Page.jsx","statementMap":{"0":{"start":{"line":8,"column":2},"end":{"line":21,"column":4}}},"fnMap":{"0":{"name":"Page","decl":{"start":{"line":4,"column":24},"end":{"line":4,"column":28}},"loc":{"start":{"line":7,"column":3},"end":{"line":22,"column":1}},"line":7}},"branchMap":{},"s":{"0":13},"f":{"0":13},"b":{},"_coverageSchema":"1a1c01bbd47fc00a2c39e90264f33305004495a9","hash":"229afbd83dbe30d3dca19b0872ec8aa8ea480321"}
}
