TN:
SF:src/App.jsx
FN:5,App
FN:14,handleChangeTitle
FN:21,handleClickAddTask
FN:30,handleClickDeleteTask
FN:33,(anonymous_4)
FNF:5
FNH:5
FNDA:8,App
FNDA:2,handleChangeTitle
FNDA:2,handleClickAddTask
FNDA:1,handleClickDeleteTask
FNDA:1,(anonymous_4)
DA:6,8
DA:12,8
DA:15,2
DA:22,2
DA:31,1
DA:33,1
DA:37,8
LF:7
LH:7
BRF:0
BRH:0
end_of_record
TN:
SF:src/Input.jsx
FN:1,Input
FNF:1
FNH:1
FNDA:17,Input
DA:2,17
LF:1
LH:1
BRF:0
BRH:0
end_of_record
TN:
SF:src/Item.jsx
FN:1,Item
FN:5,(anonymous_1)
FNF:2
FNH:2
FNDA:25,Item
FNDA:8,(anonymous_1)
DA:2,25
DA:5,8
LF:2
LH:2
BRF:0
BRH:0
end_of_record
TN:
SF:src/List.jsx
FN:3,List
FN:12,(anonymous_1)
FNF:2
FNH:2
FNDA:17,List
FNDA:23,(anonymous_1)
DA:4,17
DA:5,8
DA:10,9
DA:13,23
LF:4
LH:4
BRDA:4,0,0,8
BRDA:4,0,1,9
BRF:2
BRH:2
end_of_record
TN:
SF:src/Page.jsx
FN:4,Page
FNF:1
FNH:1
FNDA:13,Page
DA:8,13
LF:1
LH:1
BRF:0
BRH:0
end_of_record
