TN:
SF:src/components/App.jsx
FN:4,App
FNF:1
FNH:1
FNDA:3,App
DA:5,3
LF:1
LH:1
BRF:0
BRH:0
end_of_record
TN:
SF:src/components/Input.jsx
FN:1,Input
FNF:1
FNH:1
FNDA:9,Input
DA:2,9
LF:1
LH:1
BRF:0
BRH:0
end_of_record
TN:
SF:src/components/Item.jsx
FN:1,Item
FN:5,(anonymous_1)
FNF:2
FNH:2
FNDA:13,Item
FNDA:5,(anonymous_1)
DA:2,13
DA:5,5
LF:2
LH:2
BRF:0
BRH:0
end_of_record
TN:
SF:src/components/List.jsx
FN:3,List
FN:12,(anonymous_1)
FNF:2
FNH:2
FNDA:10,List
FNDA:11,(anonymous_1)
DA:4,10
DA:5,5
DA:10,5
DA:13,11
LF:4
LH:4
BRDA:4,0,0,5
BRDA:4,0,1,5
BRF:2
BRH:2
end_of_record
TN:
SF:src/containers/InputContainer.jsx
FN:5,InputContainer
FN:8,(anonymous_1)
FN:12,handleChangeTitle
FN:16,handleClickAddTask
FNF:4
FNH:4
FNDA:5,InputContainer
FNDA:5,(anonymous_1)
FNDA:1,handleChangeTitle
FNDA:2,handleClickAddTask
DA:6,5
DA:8,5
DA:13,1
DA:17,2
DA:20,5
LF:5
LH:5
BRF:0
BRH:0
end_of_record
TN:
SF:src/containers/ListContainer.jsx
FN:5,ListContainer
FN:8,(anonymous_1)
FN:12,handleClickDeleteTask
FNF:3
FNH:3
FNDA:6,ListContainer
FNDA:6,(anonymous_1)
FNDA:1,handleClickDeleteTask
DA:6,6
DA:8,6
DA:13,1
DA:16,6
LF:4
LH:4
BRF:0
BRH:0
end_of_record
TN:
SF:src/redux/actions.js
FN:1,updateTaskTitle
FN:10,addTask
FN:16,deleteTask
FNF:3
FNH:3
FNDA:3,updateTaskTitle
FNDA:7,addTask
FNDA:4,deleteTask
DA:2,3
DA:11,7
DA:17,4
LF:3
LH:3
BRF:0
BRH:0
end_of_record
TN:
SF:src/redux/reducer.js
FN:7,reducer
FN:32,(anonymous_1)
FNF:2
FNH:2
FNDA:7,reducer
FNDA:2,(anonymous_1)
DA:1,1
DA:8,7
DA:9,1
DA:15,6
DA:16,3
DA:18,3
DA:20,2
DA:28,3
DA:29,2
DA:30,2
DA:32,2
DA:36,1
LF:12
LH:12
BRDA:7,0,0,1
BRDA:8,1,0,1
BRDA:8,1,1,6
BRDA:15,2,0,3
BRDA:15,2,1,3
BRDA:18,3,0,1
BRDA:18,3,1,2
BRDA:28,4,0,2
BRDA:28,4,1,1
BRF:9
BRH:9
end_of_record
